{"C:\\Users\\Victor\\Desktop\\private\\microverse\\todo_list\\src\\modules\\add_todo.js": {"path":"C:\\Users\\Victor\\Desktop\\private\\microverse\\todo_list\\src\\modules\\add_todo.js","statementMap":{"0":{"start":{"line":3,"column":20},"end":{"line":3,"column":55}},"1":{"start":{"line":7,"column":4},"end":{"line":7,"column":27}},"2":{"start":{"line":8,"column":4},"end":{"line":8,"column":35}},"3":{"start":{"line":9,"column":4},"end":{"line":9,"column":31}},"4":{"start":{"line":13,"column":4},"end":{"line":13,"column":47}},"5":{"start":{"line":16,"column":23},"end":{"line":16,"column":42}},"6":{"start":{"line":18,"column":24},"end":{"line":23,"column":5}},"7":{"start":{"line":19,"column":19},"end":{"line":19,"column":77}},"8":{"start":{"line":20,"column":6},"end":{"line":20,"column":32}},"9":{"start":{"line":21,"column":6},"end":{"line":21,"column":53}},"10":{"start":{"line":22,"column":6},"end":{"line":22,"column":47}},"11":{"start":{"line":25,"column":22},"end":{"line":27,"column":5}},"12":{"start":{"line":26,"column":6},"end":{"line":26,"column":45}}},"fnMap":{"0":{"name":"(anonymous_0)","decl":{"start":{"line":6,"column":2},"end":{"line":6,"column":3}},"loc":{"start":{"line":6,"column":53},"end":{"line":10,"column":3}},"line":6},"1":{"name":"(anonymous_1)","decl":{"start":{"line":12,"column":2},"end":{"line":12,"column":3}},"loc":{"start":{"line":12,"column":25},"end":{"line":14,"column":3}},"line":12},"2":{"name":"(anonymous_2)","decl":{"start":{"line":18,"column":24},"end":{"line":18,"column":25}},"loc":{"start":{"line":18,"column":52},"end":{"line":23,"column":5}},"line":18},"3":{"name":"(anonymous_3)","decl":{"start":{"line":25,"column":22},"end":{"line":25,"column":23}},"loc":{"start":{"line":25,"column":49},"end":{"line":27,"column":5}},"line":25}},"branchMap":{"0":{"loc":{"start":{"line":6,"column":34},"end":{"line":6,"column":51}},"type":"default-arg","locations":[{"start":{"line":6,"column":46},"end":{"line":6,"column":51}}],"line":6}},"s":{"0":1,"1":0,"2":0,"3":0,"4":1,"5":1,"6":1,"7":0,"8":0,"9":0,"10":0,"11":1,"12":0},"f":{"0":0,"1":1,"2":0,"3":0},"b":{"0":[0]},"_coverageSchema":"1a1c01bbd47fc00a2c39e90264f33305004495a9","hash":"29aad4bfd0d6b2d987bb8f3112172f0d574e0864"}
,"C:\\Users\\Victor\\Desktop\\private\\microverse\\todo_list\\src\\modules\\addtest_todo.js": {"path":"C:\\Users\\Victor\\Desktop\\private\\microverse\\todo_list\\src\\modules\\addtest_todo.js","statementMap":{"0":{"start":{"line":3,"column":20},"end":{"line":22,"column":1}},"1":{"start":{"line":4,"column":14},"end":{"line":4,"column":16}},"2":{"start":{"line":5,"column":2},"end":{"line":9,"column":3}},"3":{"start":{"line":6,"column":4},"end":{"line":6,"column":15}},"4":{"start":{"line":8,"column":4},"end":{"line":8,"column":54}},"5":{"start":{"line":10,"column":19},"end":{"line":10,"column":54}},"6":{"start":{"line":11,"column":15},"end":{"line":15,"column":3}},"7":{"start":{"line":16,"column":2},"end":{"line":16,"column":19}},"8":{"start":{"line":17,"column":2},"end":{"line":17,"column":55}},"9":{"start":{"line":18,"column":2},"end":{"line":18,"column":19}},"10":{"start":{"line":19,"column":2},"end":{"line":19,"column":26}},"11":{"start":{"line":20,"column":2},"end":{"line":20,"column":21}}},"fnMap":{"0":{"name":"(anonymous_0)","decl":{"start":{"line":3,"column":20},"end":{"line":3,"column":21}},"loc":{"start":{"line":3,"column":31},"end":{"line":22,"column":1}},"line":3}},"branchMap":{"0":{"loc":{"start":{"line":5,"column":2},"end":{"line":9,"column":3}},"type":"if","locations":[{"start":{"line":5,"column":2},"end":{"line":9,"column":3}},{"start":{"line":7,"column":9},"end":{"line":9,"column":3}}],"line":5}},"s":{"0":1,"1":2,"2":2,"3":1,"4":1,"5":2,"6":2,"7":2,"8":2,"9":2,"10":2,"11":2},"f":{"0":2},"b":{"0":[1,1]},"_coverageSchema":"1a1c01bbd47fc00a2c39e90264f33305004495a9","hash":"1f9511f938292b2771b0343e759cb4a63a36325c"}
,"C:\\Users\\Victor\\Desktop\\private\\microverse\\todo_list\\src\\modules\\default_todo.js": {"path":"C:\\Users\\Victor\\Desktop\\private\\microverse\\todo_list\\src\\modules\\default_todo.js","statementMap":{"0":{"start":{"line":1,"column":21},"end":{"line":8,"column":1}}},"fnMap":{},"branchMap":{},"s":{"0":1},"f":{},"b":{},"_coverageSchema":"1a1c01bbd47fc00a2c39e90264f33305004495a9","hash":"6b67a134d943df89f0c235c29097eb6837283a21"}
,"C:\\Users\\Victor\\Desktop\\private\\microverse\\todo_list\\src\\modules\\delete_todo.js": {"path":"C:\\Users\\Victor\\Desktop\\private\\microverse\\todo_list\\src\\modules\\delete_todo.js","statementMap":{"0":{"start":{"line":6,"column":26},"end":{"line":10,"column":5}},"1":{"start":{"line":7,"column":6},"end":{"line":9,"column":7}},"2":{"start":{"line":8,"column":8},"end":{"line":8,"column":53}},"3":{"start":{"line":12,"column":36},"end":{"line":17,"column":5}},"4":{"start":{"line":13,"column":20},"end":{"line":13,"column":39}},"5":{"start":{"line":14,"column":22},"end":{"line":14,"column":70}},"6":{"start":{"line":14,"column":43},"end":{"line":14,"column":69}},"7":{"start":{"line":16,"column":6},"end":{"line":16,"column":49}}},"fnMap":{"0":{"name":"(anonymous_0)","decl":{"start":{"line":6,"column":26},"end":{"line":6,"column":27}},"loc":{"start":{"line":6,"column":39},"end":{"line":10,"column":5}},"line":6},"1":{"name":"(anonymous_1)","decl":{"start":{"line":12,"column":36},"end":{"line":12,"column":37}},"loc":{"start":{"line":12,"column":47},"end":{"line":17,"column":5}},"line":12},"2":{"name":"(anonymous_2)","decl":{"start":{"line":14,"column":35},"end":{"line":14,"column":36}},"loc":{"start":{"line":14,"column":43},"end":{"line":14,"column":69}},"line":14}},"branchMap":{"0":{"loc":{"start":{"line":7,"column":6},"end":{"line":9,"column":7}},"type":"if","locations":[{"start":{"line":7,"column":6},"end":{"line":9,"column":7}},{"start":{},"end":{}}],"line":7}},"s":{"0":1,"1":0,"2":0,"3":1,"4":1,"5":1,"6":2,"7":1},"f":{"0":0,"1":1,"2":2},"b":{"0":[0,0]},"_coverageSchema":"1a1c01bbd47fc00a2c39e90264f33305004495a9","hash":"defb348574eae8f5a298c9586b7bfec0823928ed"}
,"C:\\Users\\Victor\\Desktop\\private\\microverse\\todo_list\\src\\modules\\get_todo.js": {"path":"C:\\Users\\Victor\\Desktop\\private\\microverse\\todo_list\\src\\modules\\get_todo.js","statementMap":{"0":{"start":{"line":5,"column":21},"end":{"line":14,"column":4}},"1":{"start":{"line":6,"column":17},"end":{"line":6,"column":58}},"2":{"start":{"line":8,"column":5},"end":{"line":11,"column":6}},"3":{"start":{"line":9,"column":7},"end":{"line":9,"column":28}},"4":{"start":{"line":10,"column":7},"end":{"line":10,"column":20}},"5":{"start":{"line":13,"column":5},"end":{"line":13,"column":18}},"6":{"start":{"line":17,"column":18},"end":{"line":17,"column":46}},"7":{"start":{"line":18,"column":5},"end":{"line":18,"column":44}},"8":{"start":{"line":19,"column":5},"end":{"line":19,"column":37}},"9":{"start":{"line":20,"column":5},"end":{"line":20,"column":53}},"10":{"start":{"line":23,"column":5},"end":{"line":29,"column":6}},"11":{"start":{"line":24,"column":7},"end":{"line":24,"column":161}},"12":{"start":{"line":25,"column":7},"end":{"line":25,"column":112}},"13":{"start":{"line":27,"column":7},"end":{"line":27,"column":151}},"14":{"start":{"line":28,"column":7},"end":{"line":28,"column":104}},"15":{"start":{"line":30,"column":5},"end":{"line":36,"column":10}},"16":{"start":{"line":37,"column":5},"end":{"line":37,"column":26}},"17":{"start":{"line":40,"column":24},"end":{"line":40,"column":70}},"18":{"start":{"line":40,"column":33},"end":{"line":40,"column":70}},"19":{"start":{"line":40,"column":52},"end":{"line":40,"column":69}}},"fnMap":{"0":{"name":"(anonymous_0)","decl":{"start":{"line":5,"column":21},"end":{"line":5,"column":22}},"loc":{"start":{"line":5,"column":27},"end":{"line":14,"column":4}},"line":5},"1":{"name":"(anonymous_1)","decl":{"start":{"line":16,"column":3},"end":{"line":16,"column":4}},"loc":{"start":{"line":16,"column":33},"end":{"line":38,"column":4}},"line":16},"2":{"name":"(anonymous_2)","decl":{"start":{"line":40,"column":24},"end":{"line":40,"column":25}},"loc":{"start":{"line":40,"column":33},"end":{"line":40,"column":70}},"line":40},"3":{"name":"(anonymous_3)","decl":{"start":{"line":40,"column":42},"end":{"line":40,"column":43}},"loc":{"start":{"line":40,"column":52},"end":{"line":40,"column":69}},"line":40}},"branchMap":{"0":{"loc":{"start":{"line":8,"column":5},"end":{"line":11,"column":6}},"type":"if","locations":[{"start":{"line":8,"column":5},"end":{"line":11,"column":6}},{"start":{},"end":{}}],"line":8},"1":{"loc":{"start":{"line":23,"column":5},"end":{"line":29,"column":6}},"type":"if","locations":[{"start":{"line":23,"column":5},"end":{"line":29,"column":6}},{"start":{"line":26,"column":12},"end":{"line":29,"column":6}}],"line":23}},"s":{"0":1,"1":6,"2":6,"3":2,"4":2,"5":4,"6":0,"7":0,"8":0,"9":0,"10":0,"11":0,"12":0,"13":0,"14":0,"15":0,"16":0,"17":1,"18":0,"19":0},"f":{"0":6,"1":0,"2":0,"3":0},"b":{"0":[2,4],"1":[0,0]},"_coverageSchema":"1a1c01bbd47fc00a2c39e90264f33305004495a9","hash":"0935f0f22f49977645b8e52a26d930a3f27ea5dd"}
}
